<?xml version="1.0" encoding="UTF-8"?>
<testng-results skipped="0" failed="0" total="1" passed="1">
  <reporter-output>
  </reporter-output>
  <suite name="Default suite" duration-ms="109622" started-at="2019-08-04T19:19:18Z" finished-at="2019-08-04T19:21:07Z">
    <groups>
    </groups>
    <test name="Default test" duration-ms="109622" started-at="2019-08-04T19:19:18Z" finished-at="2019-08-04T19:21:07Z">
      <class name="com.AA.tests.ReservationWithoutSeats">
        <test-method status="PASS" signature="initialSetup()[pri:0, instance:com.AA.tests.ReservationWithoutSeats@6af93788]" name="initialSetup" is-config="true" duration-ms="24" started-at="2019-08-05T00:49:18Z" finished-at="2019-08-05T00:49:18Z">
          <reporter-output>
          </reporter-output>
        </test-method> <!-- initialSetup -->
        <test-method status="PASS" signature="test()[pri:0, instance:com.AA.tests.ReservationWithoutSeats@6af93788]" name="test" duration-ms="98223" started-at="2019-08-05T00:49:18Z" finished-at="2019-08-05T00:50:56Z">
          <reporter-output>
          </reporter-output>
        </test-method> <!-- test -->
        <test-method status="PASS" signature="tearDown()[pri:0, instance:com.AA.tests.ReservationWithoutSeats@6af93788]" name="tearDown" is-config="true" duration-ms="1" started-at="2019-08-05T00:51:05Z" finished-at="2019-08-05T00:51:05Z">
          <reporter-output>
          </reporter-output>
        </test-method> <!-- tearDown -->
      </class> <!-- com.AA.tests.ReservationWithoutSeats -->
    </test> <!-- Default test -->
  </suite> <!-- Default suite -->
</testng-results>
